<?xml version="1.0" encoding="utf-8"?>
<TestRun id="f7b4c4a1-d8b1-41d8-a1b3-364009971387" name="jou_tiago@DESKTOP-97890J2 2025-11-07 13:22:00" runUser="DESKTOP-97890J2\jou_tiago" xmlns="http://microsoft.com/schemas/VisualStudio/TeamTest/2010">
  <Times creation="2025-11-07T13:22:00.5347813-03:00" queuing="2025-11-07T13:22:00.5347816-03:00" start="2025-11-07T13:21:59.4118926-03:00" finish="2025-11-07T13:22:00.5352978-03:00" />
  <TestSettings name="default" id="e5383fdd-a435-46e3-9ed4-e84ffa069b7b">
    <Deployment runDeploymentRoot="jou_tiago_DESKTOP-97890J2_2025-11-07_13_22_00" />
  </TestSettings>
  <TestLists>
    <TestList name="Resultados que não estão em uma lista" id="8c84fa94-04c1-424b-9868-57a2d4851a1d" />
    <TestList name="Todos os resultados carregados" id="19431567-8539-422a-85d7-44ee4e166bda" />
  </TestLists>
  <ResultSummary outcome="Completed">
    <Counters total="0" executed="0" passed="0" failed="0" error="0" timeout="0" aborted="0" inconclusive="0" passedButRunAborted="0" notRunnable="0" notExecuted="0" disconnected="0" warning="0" completed="0" inProgress="0" pending="0" />
    <Output>
      <StdOut>[xUnit.net 00:00:00.00] xUnit.net VSTest Adapter v2.5.3.1+6b60a9e56a (64-bit .NET 8.0.18)&#xD;
[xUnit.net 00:00:00.14]   Discovering: Csharp.Api.Tests.Unit&#xD;
[xUnit.net 00:00:00.18]   Discovered:  Csharp.Api.Tests.Unit&#xD;
[xUnit.net 00:00:00.19]   Starting:    Csharp.Api.Tests.Unit&#xD;
[xUnit.net 00:00:00.22]   Finished:    Csharp.Api.Tests.Unit&#xD;
</StdOut>
    </Output>
    <RunInfos>
      <RunInfo computerName="DESKTOP-97890J2" outcome="Warning" timestamp="2025-11-07T13:22:00.4193684-03:00">
        <Text>Nenhum teste corresponde ao filtro de testcase `FullyQualifiedName~Integration` determinado no d:\Dev\C#_fleet\C-_FLEET_V2\Csharp.Api.Tests.Unit\bin\Debug\net8.0\Csharp.Api.Tests.Unit.dll</Text>
      </RunInfo>
    </RunInfos>
  </ResultSummary>
</TestRun>