<?xml version="1.0" encoding="utf-8"?>
<TestRun id="9914e44d-4bf3-4e06-82fa-bcd210fad8ee" name="jou_tiago@DESKTOP-97890J2 2025-11-07 13:11:35" runUser="DESKTOP-97890J2\jou_tiago" xmlns="http://microsoft.com/schemas/VisualStudio/TeamTest/2010">
  <Times creation="2025-11-07T13:11:35.7712873-03:00" queuing="2025-11-07T13:11:35.7712875-03:00" start="2025-11-07T13:11:33.0689449-03:00" finish="2025-11-07T13:11:35.7826126-03:00" />
  <TestSettings name="default" id="5ac381ba-1890-4bba-93ec-4d1dc89c0f80">
    <Deployment runDeploymentRoot="jou_tiago_DESKTOP-97890J2_2025-11-07_13_11_35" />
  </TestSettings>
  <Results>
    <UnitTestResult executionId="6dd702f8-60b4-4987-bc72-f8c9a1d81a9b" testId="d9f23d33-8270-28cb-6228-51f74b3ab9ee" testName="Csharp.Api.Tests.Integration.MotosIntegrationTests.UpsertPorPlaca_CreateThenGetAndPredict_ShouldSucceed" computerName="DESKTOP-97890J2" duration="00:00:01.7068546" startTime="2025-11-07T13:11:35.6652496-03:00" endTime="2025-11-07T13:11:35.6652498-03:00" testType="13cdc9d9-ddb5-4fa4-a97d-d965ccfc6d4b" outcome="Failed" testListId="8c84fa94-04c1-424b-9868-57a2d4851a1d" relativeResultsDirectory="6dd702f8-60b4-4987-bc72-f8c9a1d81a9b">
      <Output>
        <ErrorInfo>
          <Message>System.Net.Http.HttpRequestException : Response status code does not indicate success: 400 (Bad Request).</Message>
          <StackTrace>   at System.Net.Http.HttpResponseMessage.EnsureSuccessStatusCode()&#xD;
   at Csharp.Api.Tests.Integration.MotosIntegrationTests.UpsertPorPlaca_CreateThenGetAndPredict_ShouldSucceed() in d:\Dev\C#_fleet\C-_FLEET_V2\Csharp.Api.Tests.Integration\IntegrationTests\MotosIntegrationTests.cs:line 35&#xD;
--- End of stack trace from previous location ---</StackTrace>
        </ErrorInfo>
      </Output>
    </UnitTestResult>
    <UnitTestResult executionId="1795fd25-d58a-4559-b7ff-44c0bbdf513c" testId="75410b00-d9a2-22ec-2793-80cf58ab141a" testName="Csharp.Api.Tests.Integration.HealthCheckTests.Get_HealthCheck_ShouldReturnOk" computerName="DESKTOP-97890J2" duration="00:00:01.5260190" startTime="2025-11-07T13:11:35.4746803-03:00" endTime="2025-11-07T13:11:35.4747053-03:00" testType="13cdc9d9-ddb5-4fa4-a97d-d965ccfc6d4b" outcome="Passed" testListId="8c84fa94-04c1-424b-9868-57a2d4851a1d" relativeResultsDirectory="1795fd25-d58a-4559-b7ff-44c0bbdf513c" />
    <UnitTestResult executionId="03a44c52-18e2-465e-b8fd-66b7b30a6465" testId="56a47a9c-a0ef-024c-4b58-412c5e72ac17" testName="Csharp.Api.Tests.Integration.PateoTests.Get_MeuPateo_ShouldReturnOkAndContainZones" computerName="DESKTOP-97890J2" duration="00:00:01.7214255" startTime="2025-11-07T13:11:35.6665642-03:00" endTime="2025-11-07T13:11:35.6665643-03:00" testType="13cdc9d9-ddb5-4fa4-a97d-d965ccfc6d4b" outcome="Failed" testListId="8c84fa94-04c1-424b-9868-57a2d4851a1d" relativeResultsDirectory="03a44c52-18e2-465e-b8fd-66b7b30a6465">
      <Output>
        <ErrorInfo>
          <Message>System.Net.Http.HttpRequestException : Response status code does not indicate success: 500 (Internal Server Error).</Message>
          <StackTrace>   at System.Net.Http.HttpResponseMessage.EnsureSuccessStatusCode()&#xD;
   at Csharp.Api.Tests.Integration.PateoTests.Get_MeuPateo_ShouldReturnOkAndContainZones() in d:\Dev\C#_fleet\C-_FLEET_V2\Csharp.Api.Tests.Integration\IntegrationTests\PateoTests.cs:line 27&#xD;
--- End of stack trace from previous location ---</StackTrace>
        </ErrorInfo>
      </Output>
    </UnitTestResult>
  </Results>
  <TestDefinitions>
    <UnitTest name="Csharp.Api.Tests.Integration.HealthCheckTests.Get_HealthCheck_ShouldReturnOk" storage="d:\dev\c#_fleet\c-_fleet_v2\csharp.api.tests.integration\bin\debug\net8.0\csharp.api.tests.integration.dll" id="75410b00-d9a2-22ec-2793-80cf58ab141a">
      <Execution id="1795fd25-d58a-4559-b7ff-44c0bbdf513c" />
      <TestMethod codeBase="d:\Dev\C#_fleet\C-_FLEET_V2\Csharp.Api.Tests.Integration\bin\Debug\net8.0\Csharp.Api.Tests.Integration.dll" adapterTypeName="executor://xunit/VsTestRunner2/netcoreapp" className="Csharp.Api.Tests.Integration.HealthCheckTests" name="Get_HealthCheck_ShouldReturnOk" />
    </UnitTest>
    <UnitTest name="Csharp.Api.Tests.Integration.MotosIntegrationTests.UpsertPorPlaca_CreateThenGetAndPredict_ShouldSucceed" storage="d:\dev\c#_fleet\c-_fleet_v2\csharp.api.tests.integration\bin\debug\net8.0\csharp.api.tests.integration.dll" id="d9f23d33-8270-28cb-6228-51f74b3ab9ee">
      <Execution id="6dd702f8-60b4-4987-bc72-f8c9a1d81a9b" />
      <TestMethod codeBase="d:\Dev\C#_fleet\C-_FLEET_V2\Csharp.Api.Tests.Integration\bin\Debug\net8.0\Csharp.Api.Tests.Integration.dll" adapterTypeName="executor://xunit/VsTestRunner2/netcoreapp" className="Csharp.Api.Tests.Integration.MotosIntegrationTests" name="UpsertPorPlaca_CreateThenGetAndPredict_ShouldSucceed" />
    </UnitTest>
    <UnitTest name="Csharp.Api.Tests.Integration.PateoTests.Get_MeuPateo_ShouldReturnOkAndContainZones" storage="d:\dev\c#_fleet\c-_fleet_v2\csharp.api.tests.integration\bin\debug\net8.0\csharp.api.tests.integration.dll" id="56a47a9c-a0ef-024c-4b58-412c5e72ac17">
      <Execution id="03a44c52-18e2-465e-b8fd-66b7b30a6465" />
      <TestMethod codeBase="d:\Dev\C#_fleet\C-_FLEET_V2\Csharp.Api.Tests.Integration\bin\Debug\net8.0\Csharp.Api.Tests.Integration.dll" adapterTypeName="executor://xunit/VsTestRunner2/netcoreapp" className="Csharp.Api.Tests.Integration.PateoTests" name="Get_MeuPateo_ShouldReturnOkAndContainZones" />
    </UnitTest>
  </TestDefinitions>
  <TestEntries>
    <TestEntry testId="d9f23d33-8270-28cb-6228-51f74b3ab9ee" executionId="6dd702f8-60b4-4987-bc72-f8c9a1d81a9b" testListId="8c84fa94-04c1-424b-9868-57a2d4851a1d" />
    <TestEntry testId="75410b00-d9a2-22ec-2793-80cf58ab141a" executionId="1795fd25-d58a-4559-b7ff-44c0bbdf513c" testListId="8c84fa94-04c1-424b-9868-57a2d4851a1d" />
    <TestEntry testId="56a47a9c-a0ef-024c-4b58-412c5e72ac17" executionId="03a44c52-18e2-465e-b8fd-66b7b30a6465" testListId="8c84fa94-04c1-424b-9868-57a2d4851a1d" />
  </TestEntries>
  <TestLists>
    <TestList name="Resultados que não estão em uma lista" id="8c84fa94-04c1-424b-9868-57a2d4851a1d" />
    <TestList name="Todos os resultados carregados" id="19431567-8539-422a-85d7-44ee4e166bda" />
  </TestLists>
  <ResultSummary outcome="Failed">
    <Counters total="3" executed="3" passed="1" failed="2" error="0" timeout="0" aborted="0" inconclusive="0" passedButRunAborted="0" notRunnable="0" notExecuted="0" disconnected="0" warning="0" completed="0" inProgress="0" pending="0" />
    <Output>
      <StdOut>[xUnit.net 00:00:00.00] xUnit.net VSTest Adapter v2.5.3.1+6b60a9e56a (64-bit .NET 8.0.18)&#xD;
[xUnit.net 00:00:00.12]   Discovering: Csharp.Api.Tests.Integration&#xD;
[xUnit.net 00:00:00.16]   Discovered:  Csharp.Api.Tests.Integration&#xD;
[xUnit.net 00:00:00.16]   Starting:    Csharp.Api.Tests.Integration&#xD;
info: Microsoft.EntityFrameworkCore.Update[30100]&#xD;
      Saved 0 entities to in-memory store.&#xD;
info: Microsoft.EntityFrameworkCore.Update[30100]&#xD;
      Saved 0 entities to in-memory store.&#xD;
info: Microsoft.EntityFrameworkCore.Update[30100]&#xD;
      Saved 0 entities to in-memory store.&#xD;
info: Microsoft.EntityFrameworkCore.Update[30100]&#xD;
      Saved 4 entities to in-memory store.&#xD;
info: Microsoft.EntityFrameworkCore.Update[30100]&#xD;
      Saved 4 entities to in-memory store.&#xD;
info: Microsoft.EntityFrameworkCore.Update[30100]&#xD;
      Saved 4 entities to in-memory store.&#xD;
INFO: Verificando e aplicando migrations pendentes do EF Core...&#xD;
INFO: Verificando e aplicando migrations pendentes do EF Core...&#xD;
INFO: Verificando e aplicando migrations pendentes do EF Core...&#xD;
INFO: Migrations aplicadas com sucesso (ou nenhuma pendente).&#xD;
INFO: Migrations aplicadas com sucesso (ou nenhuma pendente).&#xD;
INFO: Migrations aplicadas com sucesso (ou nenhuma pendente).&#xD;
info: Csharp.Api.Services.PateoService[0]&#xD;
      Buscando p�tio para o funcion�rio: 11987654331&#xD;
warn: Csharp.Api.Services.PateoService[0]&#xD;
      Funcion�rio com telefone 11987654331 n�o encontrado no banco de sync.&#xD;
fail: Csharp.Api.Middleware.GlobalExceptionHandlerMiddleware[0]&#xD;
      Exce��o n�o tratada: Funcion�rio n�o encontrado.&#xD;
      Csharp.Api.Exceptions.RecursoNaoEncontradoException: Funcion�rio n�o encontrado.&#xD;
         at Csharp.Api.Services.PateoService.GetMyPateoAsync(String funcionarioTelefone) in d:\Dev\C#_fleet\C-_FLEET_V2\Csharp.Api\Services\PateoService.cs:line 37&#xD;
         at Csharp.Api.Controllers.PateoController.GetMeuPateo() in d:\Dev\C#_fleet\C-_FLEET_V2\Csharp.Api\Controllers\PateoController.cs:line 48&#xD;
         at Microsoft.AspNetCore.Mvc.Infrastructure.ActionMethodExecutor.TaskOfIActionResultExecutor.Execute(ActionContext actionContext, IActionResultTypeMapper mapper, ObjectMethodExecutor executor, Object controller, Object[] arguments)&#xD;
         at Microsoft.AspNetCore.Mvc.Infrastructure.ControllerActionInvoker.&lt;InvokeActionMethodAsync&gt;g__Awaited|12_0(ControllerActionInvoker invoker, ValueTask`1 actionResultValueTask)&#xD;
         at Microsoft.AspNetCore.Mvc.Infrastructure.ControllerActionInvoker.&lt;InvokeNextActionFilterAsync&gt;g__Awaited|10_0(ControllerActionInvoker invoker, Task lastTask, State next, Scope scope, Object state, Boolean isCompleted)&#xD;
         at Microsoft.AspNetCore.Mvc.Infrastructure.ControllerActionInvoker.Rethrow(ActionExecutedContextSealed context)&#xD;
         at Microsoft.AspNetCore.Mvc.Infrastructure.ControllerActionInvoker.Next(State&amp; next, Scope&amp; scope, Object&amp; state, Boolean&amp; isCompleted)&#xD;
         at Microsoft.AspNetCore.Mvc.Infrastructure.ControllerActionInvoker.InvokeInnerFilterAsync()&#xD;
      --- End of stack trace from previous location ---&#xD;
         at Microsoft.AspNetCore.Mvc.Infrastructure.ResourceInvoker.&lt;InvokeFilterPipelineAsync&gt;g__Awaited|20_0(ResourceInvoker invoker, Task lastTask, State next, Scope scope, Object state, Boolean isCompleted)&#xD;
         at Microsoft.AspNetCore.Mvc.Infrastructure.ResourceInvoker.&lt;InvokeAsync&gt;g__Awaited|17_0(ResourceInvoker invoker, Task task, IDisposable scope)&#xD;
         at Microsoft.AspNetCore.Mvc.Infrastructure.ResourceInvoker.&lt;InvokeAsync&gt;g__Awaited|17_0(ResourceInvoker invoker, Task task, IDisposable scope)&#xD;
         at Microsoft.AspNetCore.Authorization.AuthorizationMiddleware.Invoke(HttpContext context)&#xD;
         at Microsoft.AspNetCore.Authentication.AuthenticationMiddleware.Invoke(HttpContext context)&#xD;
         at Swashbuckle.AspNetCore.SwaggerUI.SwaggerUIMiddleware.Invoke(HttpContext httpContext)&#xD;
         at Swashbuckle.AspNetCore.Swagger.SwaggerMiddleware.Invoke(HttpContext httpContext, ISwaggerProvider swaggerProvider)&#xD;
         at Csharp.Api.Middleware.GlobalExceptionHandlerMiddleware.InvokeAsync(HttpContext context) in d:\Dev\C#_fleet\C-_FLEET_V2\Csharp.Api\Middleware\GlobalExceptionHandlerMiddleware.cs:line 30&#xD;
[xUnit.net 00:00:01.95]       System.Net.Http.HttpRequestException : Response status code does not indicate success: 400 (Bad Request).&#xD;
[xUnit.net 00:00:01.95]       Stack Trace:&#xD;
[xUnit.net 00:00:01.95]            at System.Net.Http.HttpResponseMessage.EnsureSuccessStatusCode()&#xD;
[xUnit.net 00:00:01.95]         d:\Dev\C#_fleet\C-_FLEET_V2\Csharp.Api.Tests.Integration\IntegrationTests\MotosIntegrationTests.cs(35,0): at Csharp.Api.Tests.Integration.MotosIntegrationTests.UpsertPorPlaca_CreateThenGetAndPredict_ShouldSucceed()&#xD;
[xUnit.net 00:00:01.95]         --- End of stack trace from previous location ---&#xD;
[xUnit.net 00:00:01.95]       System.Net.Http.HttpRequestException : Response status code does not indicate success: 500 (Internal Server Error).&#xD;
[xUnit.net 00:00:01.95]       Stack Trace:&#xD;
[xUnit.net 00:00:01.95]            at System.Net.Http.HttpResponseMessage.EnsureSuccessStatusCode()&#xD;
[xUnit.net 00:00:01.95]         d:\Dev\C#_fleet\C-_FLEET_V2\Csharp.Api.Tests.Integration\IntegrationTests\PateoTests.cs(27,0): at Csharp.Api.Tests.Integration.PateoTests.Get_MeuPateo_ShouldReturnOkAndContainZones()&#xD;
[xUnit.net 00:00:01.95]         --- End of stack trace from previous location ---&#xD;
[xUnit.net 00:00:01.96]   Finished:    Csharp.Api.Tests.Integration&#xD;
</StdOut>
    </Output>
    <RunInfos>
      <RunInfo computerName="DESKTOP-97890J2" outcome="Error" timestamp="2025-11-07T13:11:35.6632828-03:00">
        <Text>[xUnit.net 00:00:01.95]     Csharp.Api.Tests.Integration.MotosIntegrationTests.UpsertPorPlaca_CreateThenGetAndPredict_ShouldSucceed [FAIL]</Text>
      </RunInfo>
      <RunInfo computerName="DESKTOP-97890J2" outcome="Error" timestamp="2025-11-07T13:11:35.6662762-03:00">
        <Text>[xUnit.net 00:00:01.95]     Csharp.Api.Tests.Integration.PateoTests.Get_MeuPateo_ShouldReturnOkAndContainZones [FAIL]</Text>
      </RunInfo>
    </RunInfos>
  </ResultSummary>
</TestRun>